\BOOKMARK [1][-]{section.1}{Context}{}% 1
\BOOKMARK [2][-]{subsection.1.1}{Why ultrasound is interesting}{section.1}% 2
\BOOKMARK [2][-]{subsection.1.2}{Ultrasound Imaging Modes}{section.1}% 3
\BOOKMARK [2][-]{subsection.1.3}{Existing Applications}{section.1}% 4
\BOOKMARK [2][-]{subsection.1.4}{Why commercial medical ultrasound is not easily accessible}{section.1}% 5
\BOOKMARK [2][-]{subsection.1.5}{Open-source medical hardware}{section.1}% 6
\BOOKMARK [1][-]{section.2}{Designing the system architecture}{}% 7
\BOOKMARK [2][-]{subsection.2.1}{Sourcing information}{section.2}% 8
\BOOKMARK [2][-]{subsection.2.2}{Functional blocks}{section.2}% 9
\BOOKMARK [2][-]{subsection.2.3}{Earlier works on a simple hardware architecture for ultrasound systems}{section.2}% 10
\BOOKMARK [2][-]{subsection.2.4}{State of the art and review of the ultrasound hardware designs}{section.2}% 11
\BOOKMARK [3][-]{subsubsection.2.4.1}{General state of the art review}{subsection.2.4}% 12
\BOOKMARK [3][-]{subsubsection.2.4.2}{Analog Front-End \(AFE\)}{subsection.2.4}% 13
\BOOKMARK [3][-]{subsubsection.2.4.3}{Managing several channels}{subsection.2.4}% 14
\BOOKMARK [3][-]{subsubsection.2.4.4}{Mechanical sweeping}{subsection.2.4}% 15
\BOOKMARK [3][-]{subsubsection.2.4.5}{High-voltage tools}{subsection.2.4}% 16
\BOOKMARK [3][-]{subsubsection.2.4.6}{Materials choice}{subsection.2.4}% 17
\BOOKMARK [2][-]{subsection.2.5}{Minimal specifications}{section.2}% 18
\BOOKMARK [1][-]{section.3}{Downstream hardware, to signal processing}{}% 19
\BOOKMARK [2][-]{subsection.3.1}{Bandwidth reduction}{section.3}% 20
\BOOKMARK [2][-]{subsection.3.2}{Using FPGAs - digital hardware processing of radio frequency signals}{section.3}% 21
\BOOKMARK [2][-]{subsection.3.3}{Signal processing options for improving single-element ultrasound imaging}{section.3}% 22
\BOOKMARK [1][-]{section.4}{Conclusion}{}% 23
