This is pdfTeX, Version 3.14159265-2.6-1.40.18 (TeX Live 2017/Debian) (preloaded format=latex 2021.1.21)  19 JUN 2021 18:31
entering extended mode
 restricted \write18 enabled.
 %&-line parsing enabled.
**SSUS-metaReview.tex
(./SSUS-metaReview.tex
LaTeX2e <2017-04-15>
Babel <3.18> and hyphenation patterns for 84 language(s) loaded.
(/usr/share/texlive/texmf-dist/tex/latex/base/article.cls
Document Class: article 2014/09/29 v1.4h Standard LaTeX document class
(/usr/share/texlive/texmf-dist/tex/latex/base/size10.clo
File: size10.clo 2014/09/29 v1.4h Standard LaTeX file (size option)
)
\c@part=\count79
\c@section=\count80
\c@subsection=\count81
\c@subsubsection=\count82
\c@paragraph=\count83
\c@subparagraph=\count84
\c@figure=\count85
\c@table=\count86
\abovecaptionskip=\skip41
\belowcaptionskip=\skip42
\bibindent=\dimen102
) (./arxiv.sty
(/usr/share/texlive/texmf-dist/tex/latex/geometry/geometry.sty
Package: geometry 2010/09/12 v5.6 Page Geometry

(/usr/share/texlive/texmf-dist/tex/latex/graphics/keyval.sty
Package: keyval 2014/10/28 v1.15 key=value parser (DPC)
\KV@toks@=\toks14
)
(/usr/share/texlive/texmf-dist/tex/generic/oberdiek/ifpdf.sty
Package: ifpdf 2017/03/15 v3.2 Provides the ifpdf switch
)
(/usr/share/texlive/texmf-dist/tex/generic/oberdiek/ifvtex.sty
Package: ifvtex 2016/05/16 v1.6 Detect VTeX and its facilities (HO)
Package ifvtex Info: VTeX not detected.
)
(/usr/share/texlive/texmf-dist/tex/generic/ifxetex/ifxetex.sty
Package: ifxetex 2010/09/12 v0.6 Provides ifxetex conditional
)
\Gm@cnth=\count87
\Gm@cntv=\count88
\c@Gm@tempcnt=\count89
\Gm@bindingoffset=\dimen103
\Gm@wd@mp=\dimen104
\Gm@odd@mp=\dimen105
\Gm@even@mp=\dimen106
\Gm@layoutwidth=\dimen107
\Gm@layoutheight=\dimen108
\Gm@layouthoffset=\dimen109
\Gm@layoutvoffset=\dimen110
\Gm@dimlist=\toks15
)
(/usr/share/texlive/texmf-dist/tex/latex/fancyhdr/fancyhdr.sty
Package: fancyhdr 2017/06/30 v3.9a Extensive control of page headers and footer
s
\f@nch@headwidth=\skip43
\f@nch@O@elh=\skip44
\f@nch@O@erh=\skip45
\f@nch@O@olh=\skip46
\f@nch@O@orh=\skip47
\f@nch@O@elf=\skip48
\f@nch@O@erf=\skip49
\f@nch@O@olf=\skip50
\f@nch@O@orf=\skip51
)
\@abovecaptionskip=\skip52
\@belowcaptionskip=\skip53
)
(/usr/share/texlive/texmf-dist/tex/latex/graphics/graphicx.sty
Package: graphicx 2017/06/01 v1.1a Enhanced LaTeX Graphics (DPC,SPQR)

(/usr/share/texlive/texmf-dist/tex/latex/graphics/graphics.sty
Package: graphics 2017/06/25 v1.2c Standard LaTeX Graphics (DPC,SPQR)

(/usr/share/texlive/texmf-dist/tex/latex/graphics/trig.sty
Package: trig 2016/01/03 v1.10 sin cos tan (DPC)
)
(/usr/share/texlive/texmf-dist/tex/latex/graphics-cfg/graphics.cfg
File: graphics.cfg 2016/06/04 v1.11 sample graphics configuration
)
Package graphics Info: Driver file: dvips.def on input line 99.

(/usr/share/texlive/texmf-dist/tex/latex/graphics-def/dvips.def
File: dvips.def 2017/06/20 v3.1d Graphics/color driver for dvips
))
\Gin@req@height=\dimen111
\Gin@req@width=\dimen112
)
(/usr/share/texlive/texmf-dist/tex/latex/base/inputenc.sty
Package: inputenc 2015/03/17 v1.2c Input encoding file
\inpenc@prehook=\toks16
\inpenc@posthook=\toks17

(/usr/share/texlive/texmf-dist/tex/latex/base/utf8.def
File: utf8.def 2017/01/28 v1.1t UTF-8 support for inputenc
Now handling font encoding OML ...
... no UTF-8 mapping file for font encoding OML
Now handling font encoding T1 ...
... processing UTF-8 mapping file for font encoding T1

(/usr/share/texlive/texmf-dist/tex/latex/base/t1enc.dfu
File: t1enc.dfu 2017/01/28 v1.1t UTF-8 support for inputenc
   defining Unicode char U+00A0 (decimal 160)
   defining Unicode char U+00A1 (decimal 161)
   defining Unicode char U+00A3 (decimal 163)
   defining Unicode char U+00AB (decimal 171)
   defining Unicode char U+00AD (decimal 173)
   defining Unicode char U+00BB (decimal 187)
   defining Unicode char U+00BF (decimal 191)
   defining Unicode char U+00C0 (decimal 192)
   defining Unicode char U+00C1 (decimal 193)
   defining Unicode char U+00C2 (decimal 194)
   defining Unicode char U+00C3 (decimal 195)
   defining Unicode char U+00C4 (decimal 196)
   defining Unicode char U+00C5 (decimal 197)
   defining Unicode char U+00C6 (decimal 198)
   defining Unicode char U+00C7 (decimal 199)
   defining Unicode char U+00C8 (decimal 200)
   defining Unicode char U+00C9 (decimal 201)
   defining Unicode char U+00CA (decimal 202)
   defining Unicode char U+00CB (decimal 203)
   defining Unicode char U+00CC (decimal 204)
   defining Unicode char U+00CD (decimal 205)
   defining Unicode char U+00CE (decimal 206)
   defining Unicode char U+00CF (decimal 207)
   defining Unicode char U+00D0 (decimal 208)
   defining Unicode char U+00D1 (decimal 209)
   defining Unicode char U+00D2 (decimal 210)
   defining Unicode char U+00D3 (decimal 211)
   defining Unicode char U+00D4 (decimal 212)
   defining Unicode char U+00D5 (decimal 213)
   defining Unicode char U+00D6 (decimal 214)
   defining Unicode char U+00D8 (decimal 216)
   defining Unicode char U+00D9 (decimal 217)
   defining Unicode char U+00DA (decimal 218)
   defining Unicode char U+00DB (decimal 219)
   defining Unicode char U+00DC (decimal 220)
   defining Unicode char U+00DD (decimal 221)
   defining Unicode char U+00DE (decimal 222)
   defining Unicode char U+00DF (decimal 223)
   defining Unicode char U+00E0 (decimal 224)
   defining Unicode char U+00E1 (decimal 225)
   defining Unicode char U+00E2 (decimal 226)
   defining Unicode char U+00E3 (decimal 227)
   defining Unicode char U+00E4 (decimal 228)
   defining Unicode char U+00E5 (decimal 229)
   defining Unicode char U+00E6 (decimal 230)
   defining Unicode char U+00E7 (decimal 231)
   defining Unicode char U+00E8 (decimal 232)
   defining Unicode char U+00E9 (decimal 233)
   defining Unicode char U+00EA (decimal 234)
   defining Unicode char U+00EB (decimal 235)
   defining Unicode char U+00EC (decimal 236)
   defining Unicode char U+00ED (decimal 237)
   defining Unicode char U+00EE (decimal 238)
   defining Unicode char U+00EF (decimal 239)
   defining Unicode char U+00F0 (decimal 240)
   defining Unicode char U+00F1 (decimal 241)
   defining Unicode char U+00F2 (decimal 242)
   defining Unicode char U+00F3 (decimal 243)
   defining Unicode char U+00F4 (decimal 244)
   defining Unicode char U+00F5 (decimal 245)
   defining Unicode char U+00F6 (decimal 246)
   defining Unicode char U+00F8 (decimal 248)
   defining Unicode char U+00F9 (decimal 249)
   defining Unicode char U+00FA (decimal 250)
   defining Unicode char U+00FB (decimal 251)
   defining Unicode char U+00FC (decimal 252)
   defining Unicode char U+00FD (decimal 253)
   defining Unicode char U+00FE (decimal 254)
   defining Unicode char U+00FF (decimal 255)
   defining Unicode char U+0100 (decimal 256)
   defining Unicode char U+0101 (decimal 257)
   defining Unicode char U+0102 (decimal 258)
   defining Unicode char U+0103 (decimal 259)
   defining Unicode char U+0104 (decimal 260)
   defining Unicode char U+0105 (decimal 261)
   defining Unicode char U+0106 (decimal 262)
   defining Unicode char U+0107 (decimal 263)
   defining Unicode char U+0108 (decimal 264)
   defining Unicode char U+0109 (decimal 265)
   defining Unicode char U+010A (decimal 266)
   defining Unicode char U+010B (decimal 267)
   defining Unicode char U+010C (decimal 268)
   defining Unicode char U+010D (decimal 269)
   defining Unicode char U+010E (decimal 270)
   defining Unicode char U+010F (decimal 271)
   defining Unicode char U+0110 (decimal 272)
   defining Unicode char U+0111 (decimal 273)
   defining Unicode char U+0112 (decimal 274)
   defining Unicode char U+0113 (decimal 275)
   defining Unicode char U+0114 (decimal 276)
   defining Unicode char U+0115 (decimal 277)
   defining Unicode char U+0116 (decimal 278)
   defining Unicode char U+0117 (decimal 279)
   defining Unicode char U+0118 (decimal 280)
   defining Unicode char U+0119 (decimal 281)
   defining Unicode char U+011A (decimal 282)
   defining Unicode char U+011B (decimal 283)
   defining Unicode char U+011C (decimal 284)
   defining Unicode char U+011D (decimal 285)
   defining Unicode char U+011E (decimal 286)
   defining Unicode char U+011F (decimal 287)
   defining Unicode char U+0120 (decimal 288)
   defining Unicode char U+0121 (decimal 289)
   defining Unicode char U+0122 (decimal 290)
   defining Unicode char U+0123 (decimal 291)
   defining Unicode char U+0124 (decimal 292)
   defining Unicode char U+0125 (decimal 293)
   defining Unicode char U+0128 (decimal 296)
   defining Unicode char U+0129 (decimal 297)
   defining Unicode char U+012A (decimal 298)
   defining Unicode char U+012B (decimal 299)
   defining Unicode char U+012C (decimal 300)
   defining Unicode char U+012D (decimal 301)
   defining Unicode char U+012E (decimal 302)
   defining Unicode char U+012F (decimal 303)
   defining Unicode char U+0130 (decimal 304)
   defining Unicode char U+0131 (decimal 305)
   defining Unicode char U+0132 (decimal 306)
   defining Unicode char U+0133 (decimal 307)
   defining Unicode char U+0134 (decimal 308)
   defining Unicode char U+0135 (decimal 309)
   defining Unicode char U+0136 (decimal 310)
   defining Unicode char U+0137 (decimal 311)
   defining Unicode char U+0139 (decimal 313)
   defining Unicode char U+013A (decimal 314)
   defining Unicode char U+013B (decimal 315)
   defining Unicode char U+013C (decimal 316)
   defining Unicode char U+013D (decimal 317)
   defining Unicode char U+013E (decimal 318)
   defining Unicode char U+0141 (decimal 321)
   defining Unicode char U+0142 (decimal 322)
   defining Unicode char U+0143 (decimal 323)
   defining Unicode char U+0144 (decimal 324)
   defining Unicode char U+0145 (decimal 325)
   defining Unicode char U+0146 (decimal 326)
   defining Unicode char U+0147 (decimal 327)
   defining Unicode char U+0148 (decimal 328)
   defining Unicode char U+014A (decimal 330)
   defining Unicode char U+014B (decimal 331)
   defining Unicode char U+014C (decimal 332)
   defining Unicode char U+014D (decimal 333)
   defining Unicode char U+014E (decimal 334)
   defining Unicode char U+014F (decimal 335)
   defining Unicode char U+0150 (decimal 336)
   defining Unicode char U+0151 (decimal 337)
   defining Unicode char U+0152 (decimal 338)
   defining Unicode char U+0153 (decimal 339)
   defining Unicode char U+0154 (decimal 340)
   defining Unicode char U+0155 (decimal 341)
   defining Unicode char U+0156 (decimal 342)
   defining Unicode char U+0157 (decimal 343)
   defining Unicode char U+0158 (decimal 344)
   defining Unicode char U+0159 (decimal 345)
   defining Unicode char U+015A (decimal 346)
   defining Unicode char U+015B (decimal 347)
   defining Unicode char U+015C (decimal 348)
   defining Unicode char U+015D (decimal 349)
   defining Unicode char U+015E (decimal 350)
   defining Unicode char U+015F (decimal 351)
   defining Unicode char U+0160 (decimal 352)
   defining Unicode char U+0161 (decimal 353)
   defining Unicode char U+0162 (decimal 354)
   defining Unicode char U+0163 (decimal 355)
   defining Unicode char U+0164 (decimal 356)
   defining Unicode char U+0165 (decimal 357)
   defining Unicode char U+0168 (decimal 360)
   defining Unicode char U+0169 (decimal 361)
   defining Unicode char U+016A (decimal 362)
   defining Unicode char U+016B (decimal 363)
   defining Unicode char U+016C (decimal 364)
   defining Unicode char U+016D (decimal 365)
   defining Unicode char U+016E (decimal 366)
   defining Unicode char U+016F (decimal 367)
   defining Unicode char U+0170 (decimal 368)
   defining Unicode char U+0171 (decimal 369)
   defining Unicode char U+0172 (decimal 370)
   defining Unicode char U+0173 (decimal 371)
   defining Unicode char U+0174 (decimal 372)
   defining Unicode char U+0175 (decimal 373)
   defining Unicode char U+0176 (decimal 374)
   defining Unicode char U+0177 (decimal 375)
   defining Unicode char U+0178 (decimal 376)
   defining Unicode char U+0179 (decimal 377)
   defining Unicode char U+017A (decimal 378)
   defining Unicode char U+017B (decimal 379)
   defining Unicode char U+017C (decimal 380)
   defining Unicode char U+017D (decimal 381)
   defining Unicode char U+017E (decimal 382)
   defining Unicode char U+01CD (decimal 461)
   defining Unicode char U+01CE (decimal 462)
   defining Unicode char U+01CF (decimal 463)
   defining Unicode char U+01D0 (decimal 464)
   defining Unicode char U+01D1 (decimal 465)
   defining Unicode char U+01D2 (decimal 466)
   defining Unicode char U+01D3 (decimal 467)
   defining Unicode char U+01D4 (decimal 468)
   defining Unicode char U+01E2 (decimal 482)
   defining Unicode char U+01E3 (decimal 483)
   defining Unicode char U+01E6 (decimal 486)
   defining Unicode char U+01E7 (decimal 487)
   defining Unicode char U+01E8 (decimal 488)
   defining Unicode char U+01E9 (decimal 489)
   defining Unicode char U+01EA (decimal 490)
   defining Unicode char U+01EB (decimal 491)
   defining Unicode char U+01F0 (decimal 496)
   defining Unicode char U+01F4 (decimal 500)
   defining Unicode char U+01F5 (decimal 501)
   defining Unicode char U+0218 (decimal 536)
   defining Unicode char U+0219 (decimal 537)
   defining Unicode char U+021A (decimal 538)
   defining Unicode char U+021B (decimal 539)
   defining Unicode char U+0232 (decimal 562)
   defining Unicode char U+0233 (decimal 563)
   defining Unicode char U+1E02 (decimal 7682)
   defining Unicode char U+1E03 (decimal 7683)
   defining Unicode char U+200C (decimal 8204)
   defining Unicode char U+2010 (decimal 8208)
   defining Unicode char U+2011 (decimal 8209)
   defining Unicode char U+2012 (decimal 8210)
   defining Unicode char U+2013 (decimal 8211)
   defining Unicode char U+2014 (decimal 8212)
   defining Unicode char U+2015 (decimal 8213)
   defining Unicode char U+2018 (decimal 8216)
   defining Unicode char U+2019 (decimal 8217)
   defining Unicode char U+201A (decimal 8218)
   defining Unicode char U+201C (decimal 8220)
   defining Unicode char U+201D (decimal 8221)
   defining Unicode char U+201E (decimal 8222)
   defining Unicode char U+2030 (decimal 8240)
   defining Unicode char U+2031 (decimal 8241)
   defining Unicode char U+2039 (decimal 8249)
   defining Unicode char U+203A (decimal 8250)
   defining Unicode char U+2423 (decimal 9251)
   defining Unicode char U+1E20 (decimal 7712)
   defining Unicode char U+1E21 (decimal 7713)
)
Now handling font encoding OT1 ...
... processing UTF-8 mapping file for font encoding OT1

(/usr/share/texlive/texmf-dist/tex/latex/base/ot1enc.dfu
File: ot1enc.dfu 2017/01/28 v1.1t UTF-8 support for inputenc
   defining Unicode char U+00A0 (decimal 160)
   defining Unicode char U+00A1 (decimal 161)
   defining Unicode char U+00A3 (decimal 163)
   defining Unicode char U+00AD (decimal 173)
   defining Unicode char U+00B8 (decimal 184)
   defining Unicode char U+00BF (decimal 191)
   defining Unicode char U+00C5 (decimal 197)
   defining Unicode char U+00C6 (decimal 198)
   defining Unicode char U+00D8 (decimal 216)
   defining Unicode char U+00DF (decimal 223)
   defining Unicode char U+00E6 (decimal 230)
   defining Unicode char U+00EC (decimal 236)
   defining Unicode char U+00ED (decimal 237)
   defining Unicode char U+00EE (decimal 238)
   defining Unicode char U+00EF (decimal 239)
   defining Unicode char U+00F8 (decimal 248)
   defining Unicode char U+0131 (decimal 305)
   defining Unicode char U+0141 (decimal 321)
   defining Unicode char U+0142 (decimal 322)
   defining Unicode char U+0152 (decimal 338)
   defining Unicode char U+0153 (decimal 339)
   defining Unicode char U+0174 (decimal 372)
   defining Unicode char U+0175 (decimal 373)
   defining Unicode char U+0176 (decimal 374)
   defining Unicode char U+0177 (decimal 375)
   defining Unicode char U+0218 (decimal 536)
   defining Unicode char U+0219 (decimal 537)
   defining Unicode char U+021A (decimal 538)
   defining Unicode char U+021B (decimal 539)
   defining Unicode char U+2013 (decimal 8211)
   defining Unicode char U+2014 (decimal 8212)
   defining Unicode char U+2018 (decimal 8216)
   defining Unicode char U+2019 (decimal 8217)
   defining Unicode char U+201C (decimal 8220)
   defining Unicode char U+201D (decimal 8221)
)
Now handling font encoding OMS ...
... processing UTF-8 mapping file for font encoding OMS

(/usr/share/texlive/texmf-dist/tex/latex/base/omsenc.dfu
File: omsenc.dfu 2017/01/28 v1.1t UTF-8 support for inputenc
   defining Unicode char U+00A7 (decimal 167)
   defining Unicode char U+00B6 (decimal 182)
   defining Unicode char U+00B7 (decimal 183)
   defining Unicode char U+2020 (decimal 8224)
   defining Unicode char U+2021 (decimal 8225)
   defining Unicode char U+2022 (decimal 8226)
)
Now handling font encoding OMX ...
... no UTF-8 mapping file for font encoding OMX
Now handling font encoding U ...
... no UTF-8 mapping file for font encoding U
   defining Unicode char U+00A9 (decimal 169)
   defining Unicode char U+00AA (decimal 170)
   defining Unicode char U+00AE (decimal 174)
   defining Unicode char U+00BA (decimal 186)
   defining Unicode char U+02C6 (decimal 710)
   defining Unicode char U+02DC (decimal 732)
   defining Unicode char U+200C (decimal 8204)
   defining Unicode char U+2026 (decimal 8230)
   defining Unicode char U+2122 (decimal 8482)
   defining Unicode char U+2423 (decimal 9251)
))
(/usr/share/texlive/texmf-dist/tex/latex/base/fontenc.sty
Package: fontenc 2017/04/05 v2.0i Standard LaTeX package

(/usr/share/texlive/texmf-dist/tex/latex/base/t1enc.def
File: t1enc.def 2017/04/05 v2.0i Standard LaTeX file
LaTeX Font Info:    Redeclaring font encoding T1 on input line 48.
))
(/usr/share/texlive/texmf-dist/tex/latex/hyperref/hyperref.sty
Package: hyperref 2018/02/06 v6.86b Hypertext links for LaTeX

(/usr/share/texlive/texmf-dist/tex/generic/oberdiek/hobsub-hyperref.sty
Package: hobsub-hyperref 2016/05/16 v1.14 Bundle oberdiek, subset hyperref (HO)


(/usr/share/texlive/texmf-dist/tex/generic/oberdiek/hobsub-generic.sty
Package: hobsub-generic 2016/05/16 v1.14 Bundle oberdiek, subset generic (HO)
Package: hobsub 2016/05/16 v1.14 Construct package bundles (HO)
Package: infwarerr 2016/05/16 v1.4 Providing info/warning/error messages (HO)
Package: ltxcmds 2016/05/16 v1.23 LaTeX kernel commands for general use (HO)
Package: ifluatex 2016/05/16 v1.4 Provides the ifluatex switch (HO)
Package ifluatex Info: LuaTeX not detected.
Package hobsub Info: Skipping package `ifvtex' (already loaded).
Package: intcalc 2016/05/16 v1.2 Expandable calculations with integers (HO)
Package hobsub Info: Skipping package `ifpdf' (already loaded).
Package: etexcmds 2016/05/16 v1.6 Avoid name clashes with e-TeX commands (HO)
Package etexcmds Info: Could not find \expanded.
(etexcmds)             That can mean that you are not using pdfTeX 1.50 or
(etexcmds)             that some package has redefined \expanded.
(etexcmds)             In the latter case, load this package earlier.
Package: kvsetkeys 2016/05/16 v1.17 Key value parser (HO)
Package: kvdefinekeys 2016/05/16 v1.4 Define keys (HO)
Package: pdftexcmds 2018/01/21 v0.26 Utility functions of pdfTeX for LuaTeX (HO
)
Package pdftexcmds Info: LuaTeX not detected.
Package pdftexcmds Info: \pdf@primitive is available.
Package pdftexcmds Info: \pdf@ifprimitive is available.
Package pdftexcmds Info: \pdfdraftmode is ignored in DVI mode.
Package: pdfescape 2016/05/16 v1.14 Implements pdfTeX's escape features (HO)
Package: bigintcalc 2016/05/16 v1.4 Expandable calculations on big integers (HO
)
Package: bitset 2016/05/16 v1.2 Handle bit-vector datatype (HO)
Package: uniquecounter 2016/05/16 v1.3 Provide unlimited unique counter (HO)
)
Package hobsub Info: Skipping package `hobsub' (already loaded).
Package: letltxmacro 2016/05/16 v1.5 Let assignment for LaTeX macros (HO)
Package: hopatch 2016/05/16 v1.3 Wrapper for package hooks (HO)
Package: xcolor-patch 2016/05/16 xcolor patch
Package: atveryend 2016/05/16 v1.9 Hooks at the very end of document (HO)
Package atveryend Info: \enddocument detected (standard20110627).
Package: atbegshi 2016/06/09 v1.18 At begin shipout hook (HO)
Package: refcount 2016/05/16 v3.5 Data extraction from label references (HO)
Package: hycolor 2016/05/16 v1.8 Color options for hyperref/bookmark (HO)
)
(/usr/share/texlive/texmf-dist/tex/latex/oberdiek/auxhook.sty
Package: auxhook 2016/05/16 v1.4 Hooks for auxiliary files (HO)
)
(/usr/share/texlive/texmf-dist/tex/latex/oberdiek/kvoptions.sty
Package: kvoptions 2016/05/16 v3.12 Key value format for package options (HO)
)
\@linkdim=\dimen113
\Hy@linkcounter=\count90
\Hy@pagecounter=\count91

(/usr/share/texlive/texmf-dist/tex/latex/hyperref/pd1enc.def
File: pd1enc.def 2018/02/06 v6.86b Hyperref: PDFDocEncoding definition (HO)
Now handling font encoding PD1 ...
... no UTF-8 mapping file for font encoding PD1
)
\Hy@SavedSpaceFactor=\count92

(/usr/share/texlive/texmf-dist/tex/latex/latexconfig/hyperref.cfg
File: hyperref.cfg 2002/06/06 v1.2 hyperref configuration of TeXLive
)
Package hyperref Info: Hyper figures OFF on input line 4509.
Package hyperref Info: Link nesting OFF on input line 4514.
Package hyperref Info: Hyper index ON on input line 4517.
Package hyperref Info: Plain pages OFF on input line 4524.
Package hyperref Info: Backreferencing OFF on input line 4529.
Package hyperref Info: Implicit mode ON; LaTeX internals redefined.
Package hyperref Info: Bookmarks ON on input line 4762.
\c@Hy@tempcnt=\count93

(/usr/share/texlive/texmf-dist/tex/latex/url/url.sty
\Urlmuskip=\muskip10
Package: url 2013/09/16  ver 3.4  Verb mode for urls, etc.
)
LaTeX Info: Redefining \url on input line 5115.
\XeTeXLinkMargin=\dimen114
\Fld@menulength=\count94
\Field@Width=\dimen115
\Fld@charsize=\dimen116
Package hyperref Info: Hyper figures OFF on input line 6369.
Package hyperref Info: Link nesting OFF on input line 6374.
Package hyperref Info: Hyper index ON on input line 6377.
Package hyperref Info: backreferencing OFF on input line 6384.
Package hyperref Info: Link coloring OFF on input line 6389.
Package hyperref Info: Link coloring with OCG OFF on input line 6394.
Package hyperref Info: PDF/A mode OFF on input line 6399.
LaTeX Info: Redefining \ref on input line 6439.
LaTeX Info: Redefining \pageref on input line 6443.
\Hy@abspage=\count95
\c@Item=\count96
\c@Hfootnote=\count97
)
Package hyperref Info: Driver (default): hdvips.

(/usr/share/texlive/texmf-dist/tex/latex/hyperref/hdvips.def
File: hdvips.def 2018/02/06 v6.86b Hyperref driver for dvips

(/usr/share/texlive/texmf-dist/tex/latex/hyperref/pdfmark.def
File: pdfmark.def 2018/02/06 v6.86b Hyperref definitions for pdfmark specials
\pdf@docset=\toks18
\pdf@box=\box26
\pdf@toks=\toks19
\pdf@defaulttoks=\toks20
\HyField@AnnotCount=\count98
\Fld@listcount=\count99
\c@bookmark@seq@number=\count100

(/usr/share/texlive/texmf-dist/tex/latex/oberdiek/rerunfilecheck.sty
Package: rerunfilecheck 2016/05/16 v1.8 Rerun checks for auxiliary files (HO)
Package uniquecounter Info: New unique counter `rerunfilecheck' on input line 2
82.
)
\Hy@SectionHShift=\skip54
))
(/usr/share/texlive/texmf-dist/tex/latex/booktabs/booktabs.sty
Package: booktabs 2016/04/27 v1.618033 publication quality tables
\heavyrulewidth=\dimen117
\lightrulewidth=\dimen118
\cmidrulewidth=\dimen119
\belowrulesep=\dimen120
\belowbottomsep=\dimen121
\aboverulesep=\dimen122
\abovetopsep=\dimen123
\cmidrulesep=\dimen124
\cmidrulekern=\dimen125
\defaultaddspace=\dimen126
\@cmidla=\count101
\@cmidlb=\count102
\@aboverulesep=\dimen127
\@belowrulesep=\dimen128
\@thisruleclass=\count103
\@lastruleclass=\count104
\@thisrulewidth=\dimen129
)
(/usr/share/texlive/texmf-dist/tex/latex/amsfonts/amsfonts.sty
Package: amsfonts 2013/01/14 v3.01 Basic AMSFonts support
\@emptytoks=\toks21
\symAMSa=\mathgroup4
\symAMSb=\mathgroup5
LaTeX Font Info:    Overwriting math alphabet `\mathfrak' in version `bold'
(Font)                  U/euf/m/n --> U/euf/b/n on input line 106.
)
(/usr/share/texlive/texmf-dist/tex/latex/units/nicefrac.sty
Package: nicefrac 1998/08/04 v0.9b Nice fractions
\L@UnitsRaiseDisplaystyle=\skip55
\L@UnitsRaiseTextstyle=\skip56
\L@UnitsRaiseScriptstyle=\skip57

(/usr/share/texlive/texmf-dist/tex/latex/base/ifthen.sty
Package: ifthen 2014/09/29 v1.1c Standard LaTeX ifthen package (DPC)
))
(/usr/share/texlive/texmf-dist/tex/latex/microtype/microtype.sty
Package: microtype 2018/01/14 v2.7a Micro-typographical refinements (RS)
\MT@toks=\toks22
\MT@count=\count105
LaTeX Info: Redefining \textls on input line 793.
\MT@outer@kern=\dimen130
LaTeX Info: Redefining \textmicrotypecontext on input line 1339.
\MT@listname@count=\count106

(/usr/share/texlive/texmf-dist/tex/latex/microtype/microtype-pdftex.def
File: microtype-pdftex.def 2018/01/14 v2.7a Definitions specific to pdftex (RS)

LaTeX Info: Redefining \lsstyle on input line 913.
LaTeX Info: Redefining \lslig on input line 913.
\MT@outer@space=\skip58
)
Package microtype Info: Loading configuration file microtype.cfg.

(/usr/share/texlive/texmf-dist/tex/latex/microtype/microtype.cfg
File: microtype.cfg 2018/01/14 v2.7a microtype main configuration file (RS)
))
(/usr/share/texlive/texmf-dist/tex/latex/lipsum/lipsum.sty
Package: lipsum 2014/07/27 v1.3 150 paragraphs of Lorem Ipsum dummy text
\c@lips@count=\count107
)
(/usr/share/texlive/texmf-dist/tex/latex/float/float.sty
Package: float 2001/11/08 v1.3d Float enhancements (AL)
\c@float@type=\count108
\float@exts=\toks23
\float@box=\box27
\@float@everytoks=\toks24
\@floatcapt=\box28
)
(/usr/share/texlive/texmf-dist/tex/latex/lineno/lineno.sty
Package: lineno 2005/11/02 line numbers on paragraphs v4.41
\linenopenalty=\count109
\output=\toks25
\linenoprevgraf=\count110
\linenumbersep=\dimen131
\linenumberwidth=\dimen132
\c@linenumber=\count111
\c@pagewiselinenumber=\count112
\c@LN@truepage=\count113
\c@internallinenumber=\count114
\c@internallinenumbers=\count115
\quotelinenumbersep=\dimen133
\bframerule=\dimen134
\bframesep=\dimen135
\bframebox=\box29
LaTeX Info: Redefining \\ on input line 3056.
)
(./SSUS-metaReview.aux)
\openout1 = `SSUS-metaReview.aux'.

LaTeX Font Info:    Checking defaults for OML/cmm/m/it on input line 57.
LaTeX Font Info:    ... okay on input line 57.
LaTeX Font Info:    Checking defaults for T1/cmr/m/n on input line 57.
LaTeX Font Info:    ... okay on input line 57.
LaTeX Font Info:    Checking defaults for OT1/cmr/m/n on input line 57.
LaTeX Font Info:    ... okay on input line 57.
LaTeX Font Info:    Checking defaults for OMS/cmsy/m/n on input line 57.
LaTeX Font Info:    ... okay on input line 57.
LaTeX Font Info:    Checking defaults for OMX/cmex/m/n on input line 57.
LaTeX Font Info:    ... okay on input line 57.
LaTeX Font Info:    Checking defaults for U/cmr/m/n on input line 57.
LaTeX Font Info:    ... okay on input line 57.
LaTeX Font Info:    Checking defaults for PD1/pdf/m/n on input line 57.
LaTeX Font Info:    ... okay on input line 57.
LaTeX Font Info:    Try loading font information for T1+ptm on input line 57.

(/usr/share/texlive/texmf-dist/tex/latex/psnfss/t1ptm.fd
File: t1ptm.fd 2001/06/04 font definitions for T1/ptm.
)
*geometry* driver: auto-detecting
*geometry* detected driver: dvips
*geometry* verbose mode - [ preamble ] result:
* driver: dvips
* paper: letterpaper
* layout: <same size as paper>
* layoutoffset:(h,v)=(0.0pt,0.0pt)
* modes: 
* h-part:(L,W,R)=(92.14519pt, 430.00462pt, 92.14519pt)
* v-part:(T,H,B)=(95.39737pt, 556.47656pt, 143.09605pt)
* \paperwidth=614.295pt
* \paperheight=794.96999pt
* \textwidth=430.00462pt
* \textheight=556.47656pt
* \oddsidemargin=19.8752pt
* \evensidemargin=19.8752pt
* \topmargin=-13.87262pt
* \headheight=12.0pt
* \headsep=25.0pt
* \topskip=10.0pt
* \footskip=30.0pt
* \marginparwidth=65.0pt
* \marginparsep=11.0pt
* \columnsep=10.0pt
* \skip\footins=9.0pt plus 4.0pt minus 2.0pt
* \hoffset=0.0pt
* \voffset=0.0pt
* \mag=1000
* \@twocolumnfalse
* \@twosidefalse
* \@mparswitchfalse
* \@reversemarginfalse
* (1in=72.27pt=25.4mm, 1cm=28.453pt)

*geometry* verbose mode - [ newgeometry ] result:
* driver: dvips
* paper: letterpaper
* layout: <same size as paper>
* layoutoffset:(h,v)=(0.0pt,0.0pt)
* modes: 
* h-part:(L,W,R)=(72.27pt, 469.75499pt, 72.27pt)
* v-part:(T,H,B)=(72.26999pt, 650.43pt, 72.27pt)
* \paperwidth=614.295pt
* \paperheight=794.96999pt
* \textwidth=469.75499pt
* \textheight=650.43pt
* \oddsidemargin=0.00002pt
* \evensidemargin=0.00002pt
* \topmargin=-39.0pt
* \headheight=14.0pt
* \headsep=25.0pt
* \topskip=10.0pt
* \footskip=30.0pt
* \marginparwidth=65.0pt
* \marginparsep=11.0pt
* \columnsep=10.0pt
* \skip\footins=9.0pt plus 4.0pt minus 2.0pt
* \hoffset=0.0pt
* \voffset=0.0pt
* \mag=1000
* \@twocolumnfalse
* \@twosidefalse
* \@mparswitchfalse
* \@reversemarginfalse
* (1in=72.27pt=25.4mm, 1cm=28.453pt)

\AtBeginShipoutBox=\box30
Package hyperref Info: Link coloring OFF on input line 57.
(/usr/share/texlive/texmf-dist/tex/latex/hyperref/nameref.sty
Package: nameref 2016/05/21 v2.44 Cross-referencing by name of section

(/usr/share/texlive/texmf-dist/tex/generic/oberdiek/gettitlestring.sty
Package: gettitlestring 2016/05/16 v1.5 Cleanup title references (HO)
)
\c@section@level=\count116
)
LaTeX Info: Redefining \ref on input line 57.
LaTeX Info: Redefining \pageref on input line 57.
LaTeX Info: Redefining \nameref on input line 57.

(./SSUS-metaReview.out) (./SSUS-metaReview.out)
\@outlinefile=\write3
\openout3 = `SSUS-metaReview.out'.

LaTeX Info: Redefining \microtypecontext on input line 57.
Package microtype Info: Generating DVI output.
Package microtype Info: Character protrusion enabled (level 2).
Package microtype Info: Using default protrusion set `alltext'.
Package microtype Info: No font expansion.
Package microtype Info: No adjustment of tracking.
Package microtype Info: No adjustment of interword spacing.
Package microtype Info: No adjustment of character kerning.

(/usr/share/texlive/texmf-dist/tex/latex/microtype/mt-ptm.cfg
File: mt-ptm.cfg 2006/04/20 v1.7 microtype config. file: Times (RS)
)
(/usr/share/texlive/texmf-dist/tex/latex/microtype/mt-cmr.cfg
File: mt-cmr.cfg 2013/05/19 v2.2 microtype config. file: Computer Modern Roman 
(RS)
)
LaTeX Font Info:    Try loading font information for U+msa on input line 59.

(/usr/share/texlive/texmf-dist/tex/latex/amsfonts/umsa.fd
File: umsa.fd 2013/01/14 v3.01 AMS symbols A
)
(/usr/share/texlive/texmf-dist/tex/latex/microtype/mt-msa.cfg
File: mt-msa.cfg 2006/02/04 v1.1 microtype config. file: AMS symbols (a) (RS)
)
LaTeX Font Info:    Try loading font information for U+msb on input line 59.

(/usr/share/texlive/texmf-dist/tex/latex/amsfonts/umsb.fd
File: umsb.fd 2013/01/14 v3.01 AMS symbols B
)
(/usr/share/texlive/texmf-dist/tex/latex/microtype/mt-msb.cfg
File: mt-msb.cfg 2005/06/01 v1.0 microtype config. file: AMS symbols (b) (RS)
)
LaTeX Font Info:    Font shape `T1/ptm/bx/n' in size <10> not available
(Font)              Font shape `T1/ptm/b/n' tried instead on input line 59.
LaTeX Font Info:    Try loading font information for T1+cmtt on input line 59.

(/usr/share/texlive/texmf-dist/tex/latex/base/t1cmtt.fd
File: t1cmtt.fd 2014/09/29 v2.5h Standard LaTeX font definitions
)
Package microtype Info: Loading generic protrusion settings for font family
(microtype)             `cmtt' (encoding: T1).
(microtype)             For optimal results, create family-specific settings.
(microtype)             See the microtype manual for details.
LaTeX Font Info:    Font shape `T1/ptm/bx/n' in size <12> not available
(Font)              Font shape `T1/ptm/b/n' tried instead on input line 60.
LaTeX Font Info:    Font shape `T1/ptm/bx/sc' in size <12> not available
(Font)              Font shape `T1/ptm/b/sc' tried instead on input line 60.
LaTeX Font Info:    Try loading font information for T1+phv on input line 65.

(/usr/share/texlive/texmf-dist/tex/latex/psnfss/t1phv.fd
File: t1phv.fd 2001/06/04 scalable font definitions for T1/phv.
)
Package microtype Info: Loading generic protrusion settings for font family
(microtype)             `phv' (encoding: T1).
(microtype)             For optimal results, create family-specific settings.
(microtype)             See the microtype manual for details.
LaTeX Font Info:    Font shape `T1/ptm/bx/it' in size <10> not available
(Font)              Font shape `T1/ptm/b/it' tried instead on input line 80.
 [1


]

LaTeX Warning: Citation `kjeken_systematic_2011' on page 2 undefined on input l
ine 90.


LaTeX Warning: Citation `lanza_ultrasound_2020' on page 2 undefined on input li
ne 90.


LaTeX Warning: Citation `kruizinga_compressive_2017' on page 2 undefined on inp
ut line 91.


LaTeX Warning: Citation `liebgott_compressive_2012' on page 2 undefined on inpu
t line 91.


LaTeX Warning: Citation `kurjak_use_1986' on page 2 undefined on input line 91.



LaTeX Warning: Citation `wang_anatomy_2020' on page 2 undefined on input line 9
1.


LaTeX Warning: Citation `yu_direct_2020' on page 2 undefined on input line 93.


LaTeX Warning: Citation `zhang_full_2019' on page 2 undefined on input line 93.



LaTeX Warning: Citation `pandey_open_2019' on page 2 undefined on input line 95
.


LaTeX Warning: Citation `pearce_quantifying_2015' on page 2 undefined on input 
line 95.


LaTeX Warning: Citation `pearce_return_2016' on page 2 undefined on input line 
95.


LaTeX Warning: Citation `moritz_economic_2019' on page 2 undefined on input lin
e 95.


LaTeX Warning: Citation `winter_open_2019' on page 2 undefined on input line 95
.


LaTeX Warning: Citation `gibney_open-hardware_2016' on page 2 undefined on inpu
t line 95.


Package amsfonts Warning: Obsolete command \bold; \mathbf should be used instea
d on input line 102.


! LaTeX Error: \mathbf allowed only in math mode.

See the LaTeX manual or LaTeX Companion for explanation.
Type  H <return>  for immediate help.
 ...                                              
                                                  
l.102 ...ld deem M-Mode (as a A-Mode time \bold{m}
                                                  otion display) an extensio...

? 

LaTeX Warning: Citation `kurjak_use_1986' on page 2 undefined on input line 104
.


LaTeX Warning: Citation `zeiss_sonovisor_1962' on page 2 undefined on input lin
e 104.


LaTeX Warning: Citation `ligtvoet_real_1978' on page 2 undefined on input line 
104.

LaTeX Font Info:    Try loading font information for OMS+ptm on input line 108.

(/usr/share/texlive/texmf-dist/tex/latex/psnfss/omsptm.fd
File: omsptm.fd 
)
LaTeX Font Info:    Font shape `OMS/ptm/m/n' in size <10> not available
(Font)              Font shape `OMS/cmsy/m/n' tried instead on input line 108.


LaTeX Warning: Citation `attarzadeh_low-power_2017' on page 2 undefined on inpu
t line 110.


LaTeX Warning: Citation `zhang_design_2015' on page 2 undefined on input line 1
18.


LaTeX Warning: Citation `duric_detection_2007' on page 2 undefined on input lin
e 118.


LaTeX Warning: Citation `wen_design_2019' on page 2 undefined on input line 118
.


LaTeX Warning: Citation `ashfaq_new_2004' on page 2 undefined on input line 118
.


LaTeX Warning: Citation `marwa_automatic_2019' on page 2 undefined on input lin
e 118.


LaTeX Warning: Citation `gemmeke_hardware_2010' on page 2 undefined on input li
ne 118.


LaTeX Warning: Citation `Rabut2019' on page 2 undefined on input line 118.


LaTeX Warning: Citation `Warner2013' on page 2 undefined on input line 118.


LaTeX Warning: Citation `guasch_full-waveform_2020' on page 2 undefined on inpu
t line 118.


LaTeX Warning: Citation `rymarczyk_logistic_2019' on page 2 undefined on input 
line 118.

(./applications.tex

LaTeX Warning: No positions in optional float specifier.
               Default added (so using `tbp') on input line 17.


LaTeX Warning: Citation `zhang_fpga_2012' on page 2 undefined on input line 24.



LaTeX Warning: Citation `triger_modular_2008' on page 2 undefined on input line
 24.


LaTeX Warning: Citation `assef_initial_2016' on page 2 undefined on input line 
24.


LaTeX Warning: Citation `schueler_fundamentals_1984' on page 2 undefined on inp
ut line 24.


LaTeX Warning: Citation `zhang_autonomous_2018' on page 2 undefined on input li
ne 24.


LaTeX Warning: Citation `zhang_implementation_2021' on page 2 undefined on inpu
t line 24.


LaTeX Warning: Citation `clementi_identification_2020' on page 2 undefined on i
nput line 24.


LaTeX Warning: Citation `noauthor_wrist_nodate' on page 2 undefined on input li
ne 28.


LaTeX Warning: Citation `carotenuto_very_2004' on page 2 undefined on input lin
e 28.


LaTeX Warning: Citation `yang_exploration_2021' on page 2 undefined on input li
ne 28.

! Extra alignment tab has been changed to \cr.
<recently read> \endtemplate 
                             
l.28 ...otenuto_very_2004,yang_exploration_2021} &
                                                    \\
? 

LaTeX Warning: Citation `worthing_using_2016' on page 2 undefined on input line
 32.


LaTeX Warning: Citation `hu_design_2011' on page 2 undefined on input line 32.


LaTeX Warning: Citation `zhang_multi-channel_2017' on page 2 undefined on input
 line 32.


LaTeX Warning: Citation `shomaji_early_2019' on page 2 undefined on input line 
32.


LaTeX Warning: Citation `joseph_technical_2015' on page 2 undefined on input li
ne 32.


LaTeX Warning: Citation `joseph_artsenstouch_2015' on page 2 undefined on input
 line 32.


LaTeX Warning: Citation `seo_non-invasive_2018' on page 2 undefined on input li
ne 32.

! Extra alignment tab has been changed to \cr.
<recently read> \endtemplate 
                             
l.32 ...rtsenstouch_2015, seo_non-invasive_2018} &
                                                    \\
? 

LaTeX Warning: Citation `wahab_design_2016' on page 2 undefined on input line 3
6.


LaTeX Warning: Citation `fontes-pereira_monitoring_2018' on page 2 undefined on
 input line 36.


LaTeX Warning: Citation `grasel_characterization_2017' on page 2 undefined on i
nput line 36.

! Extra alignment tab has been changed to \cr.
<recently read> \endtemplate 
                             
l.36 ...ring_2018, grasel_characterization_2017} &
                                                    \\
? 

LaTeX Warning: Citation `keyes_electrical_2017' on page 2 undefined on input li
ne 40.


LaTeX Warning: Citation `zhang_design_2015' on page 2 undefined on input line 4
0.


LaTeX Warning: Citation `brausch_towards_2019' on page 2 undefined on input lin
e 40.


LaTeX Warning: Citation `park_ultrasound_2019' on page 2 undefined on input lin
e 40.

! Extra alignment tab has been changed to \cr.
<recently read> \endtemplate 
                             
l.40 ...usch_towards_2019,park_ultrasound_2019}  &
                                                    \\
? 

LaTeX Warning: Citation `kuru_feasibility_2019' on page 2 undefined on input li
ne 44.

! Extra alignment tab has been changed to \cr.
<recently read> \endtemplate 
                             
l.44 & \cite{kuru_feasibility_2019}  &
                                        \\
? 

LaTeX Warning: Citation `sosnowska_training_2019' on page 2 undefined on input 
line 47.


LaTeX Warning: Citation `sikdar_novel_2014' on page 2 undefined on input line 4
7.


LaTeX Warning: Citation `kwong_application_2020' on page 2 undefined on input l
ine 47.


LaTeX Warning: Citation `yang_simultaneous_2020' on page 2 undefined on input l
ine 47.


LaTeX Warning: Citation `li_human-machine_2016' on page 2 undefined on input li
ne 47.


LaTeX Warning: Citation `boyd_ultrasound_2019' on page 2 undefined on input lin
e 47.


LaTeX Warning: Citation `eshky_automatic_2021' on page 2 undefined on input lin
e 47.

! Extra alignment tab has been changed to \cr.
<recently read> \endtemplate 
                             
l.47 ...rasound_2019,eshky_automatic_2021}       &
                                                    \\
? 

Underfull \hbox (badness 1033) in paragraph at lines 49--50
[]\T1/ptm/m/n/10 Movement track-
 []


LaTeX Warning: Citation `nguyen_estimating_2019' on page 2 undefined on input l
ine 51.


LaTeX Warning: Citation `shahshahani_ultrasound_2018' on page 2 undefined on in
put line 51.


LaTeX Warning: Citation `weng_fpga-based_2015' on page 2 undefined on input lin
e 51.


LaTeX Warning: Citation `fernandes_evaluation_2021' on page 2 undefined on inpu
t line 51.

! Extra alignment tab has been changed to \cr.
<recently read> \endtemplate 
                             
l.51 ...a-based_2015,fernandes_evaluation_2021}  &
                                                    \\
? 

Underfull \hbox (badness 1596) in paragraph at lines 54--55
[]\T1/ptm/m/n/10 Ultrasound is used in neu-ro-mod-u-la-tion ex-
 []


LaTeX Warning: Citation `pashaei_flexible_2020' on page 2 undefined on input li
ne 55.


LaTeX Warning: Citation `johnson_stimdust_2018' on page 2 undefined on input li
ne 55.


LaTeX Warning: Citation `seo_wireless_2016' on page 2 undefined on input line 5
5.


LaTeX Warning: Citation `santagati_design_2020' on page 2 undefined on input li
ne 55.

! Extra alignment tab has been changed to \cr.
<recently read> \endtemplate 
                             
l.55 ...less_2016, santagati_design_2020}.       &
                                                    \\
? 

Underfull \hbox (badness 2368) in paragraph at lines 57--58
[]\T1/ptm/m/n/10 Typically small de-vices, which en-able en-
 []


LaTeX Warning: Citation `cox_ultrasound_2017' on page 2 undefined on input line
 58.


LaTeX Warning: Citation `wang_development_2017' on page 2 undefined on input li
ne 58.


LaTeX Warning: Citation `lee_towards_2014' on page 2 undefined on input line 58
.


LaTeX Warning: Citation `memon_capsule_2016' on page 2 undefined on input line 
58.


LaTeX Warning: Citation `lay_progress_2016' on page 2 undefined on input line 5
8.


LaTeX Warning: Citation `lay_-vivo_2018' on page 2 undefined on input line 58.

! Extra alignment tab has been changed to \cr.
<recently read> \endtemplate 
                             
l.58 ...2016, lay_progress_2016, lay_-vivo_2018} &
                                                    \\
? 

LaTeX Warning: Citation `basak_wearable_2013' on page 2 undefined on input line
 61.


LaTeX Warning: Citation `kou_real-time_2020' on page 2 undefined on input line 
61.


LaTeX Warning: Citation `yang_wearable_2019' on page 2 undefined on input line 
61.

! Extra alignment tab has been changed to \cr.
<recently read> \endtemplate 
                             
l.61 ...eal-time_2020,yang_wearable_2019}.       &
                                                    \\
? 

Overfull \hbox (12.50363pt too wide) in paragraph at lines 18--64
[][] 
 []

) [2] [3]

LaTeX Warning: Citation `roman_open-source_2019' on page 4 undefined on input l
ine 133.


LaTeX Warning: Citation `jonveaux_arduino-like_2017' on page 4 undefined on inp
ut line 133.


LaTeX Warning: Citation `luc_jonveaux_un0rick_2019' on page 4 undefined on inpu
t line 133.


LaTeX Warning: Citation `schuette_real_1976' on page 4 undefined on input line 
135.


LaTeX Warning: Citation `eggleton_real_1975' on page 4 undefined on input line 
135.


LaTeX Warning: Citation `skolnick_new_1978' on page 4 undefined on input line 1
35.


LaTeX Warning: Citation `brunner_how_2002' on page 4 undefined on input line 13
7.


LaTeX Warning: Citation `xu_challenges_2010' on page 4 undefined on input line 
137.


LaTeX Warning: Citation `ching_chu_designing_nodate' on page 4 undefined on inp
ut line 137.


LaTeX Warning: Citation `murtaza_ali_signal_2008' on page 4 undefined on input 
line 144.


LaTeX Warning: Citation `boni_ula-op_2016' on page 4 undefined on input line 14
4.


LaTeX Warning: Citation `boni_reconfigurable_2012' on page 4 undefined on input
 line 144.


LaTeX Warning: Citation `boni_ultrasound_2018' on page 4 undefined on input lin
e 144.


LaTeX Warning: Citation `qiu_flexible_2012' on page 4 undefined on input line 1
44.


LaTeX Warning: Citation `levesque_architecture_2011' on page 4 undefined on inp
ut line 144.


LaTeX Warning: Citation `carotenuto_fast_2005' on page 4 undefined on input lin
e 144.


LaTeX Warning: Citation `richard_low-cost_2008' on page 4 undefined on input li
ne 144.


LaTeX Warning: Citation `taylor_development_2017' on page 4 undefined on input 
line 144.


LaTeX Warning: Citation `jonveaux_arduino-like_2017' on page 4 undefined on inp
ut line 144.


LaTeX Warning: Citation `golabek_construction_2019' on page 4 undefined on inpu
t line 144.


! LaTeX Error: Cannot determine size of graphic in Fig1.png (no BoundingBox).

See the LaTeX manual or LaTeX Companion for explanation.
Type  H <return>  for immediate help.
 ...                                              
                                                  
l.147 ...cludegraphics[width=\linewidth]{Fig1.png}
                                                  
? 
File: Fig1.png Graphic file (type eps)
<Fig1.png>
Underfull \vbox (badness 10000) has occurred while \output is active []

 [4]
Underfull \vbox (badness 10000) has occurred while \output is active []

 [5]
(./benchmark_lite.tex

LaTeX Warning: Citation `ahn_smartphone-based_2015' on page 6 undefined on inpu
t line 8.


LaTeX Warning: Citation `assef_compact_2014' on page 6 undefined on input line 
9.


LaTeX Warning: Citation `assef_design_2012' on page 6 undefined on input line 1
0.


LaTeX Warning: Citation `assef_flexible_2015' on page 6 undefined on input line
 11.


LaTeX Warning: Citation `batbayar_hardware_2018' on page 6 undefined on input l
ine 12.


LaTeX Warning: Citation `bharath_compact_2018' on page 6 undefined on input lin
e 13.


LaTeX Warning: Citation `bharath_novel_2016' on page 6 undefined on input line 
14.


LaTeX Warning: Citation `bharath_portable_2015' on page 6 undefined on input li
ne 15.


LaTeX Warning: Citation `chang-hong_hu_design_2008' on page 6 undefined on inpu
t line 16.


LaTeX Warning: Citation `chatar_analysis_2016' on page 6 undefined on input lin
e 17.


LaTeX Warning: Citation `cheung_multi-channel_2012' on page 6 undefined on inpu
t line 18.


LaTeX Warning: Citation `dusa_low_2014' on page 6 undefined on input line 19.


LaTeX Warning: Citation `fritsch_full_nodate' on page 6 undefined on input line
 20.


LaTeX Warning: Citation `govindan_reconfigurable_2015' on page 6 undefined on i
nput line 21.


LaTeX Warning: Citation `hager_ultralight:_2017' on page 6 undefined on input l
ine 22.


LaTeX Warning: Citation `hewener_highly_2012' on page 6 undefined on input line
 23.


LaTeX Warning: Citation `ibrahim_towards_2018' on page 6 undefined on input lin
e 24.


LaTeX Warning: Citation `jonveaux_arduino-like_2017' on page 6 undefined on inp
ut line 25.


LaTeX Warning: Citation `kim_smart-phone_2017' on page 6 undefined on input lin
e 26.


LaTeX Warning: Citation `kruizinga_compressive_2017' on page 6 undefined on inp
ut line 27.


LaTeX Warning: Citation `kushi_ultrasonic_2017' on page 6 undefined on input li
ne 28.


LaTeX Warning: Citation `lee_new_2014' on page 6 undefined on input line 29.


LaTeX Warning: Citation `li_new_2014' on page 6 undefined on input line 30.


LaTeX Warning: Citation `matera_smart_2018' on page 6 undefined on input line 3
1.


LaTeX Warning: Citation `nguyen_estimating_2019' on page 6 undefined on input l
ine 32.


LaTeX Warning: Citation `pashaei_flexible_2020' on page 6 undefined on input li
ne 33.


LaTeX Warning: Citation `peyton_comparison_2018' on page 6 undefined on input l
ine 34.


LaTeX Warning: Citation `qiu_delayed-excitation_2018' on page 6 undefined on in
put line 35.


LaTeX Warning: Citation `qiu_ultrasound_2020' on page 6 undefined on input line
 36.


LaTeX Warning: Citation `ricci_programmable_2006' on page 6 undefined on input 
line 37.


LaTeX Warning: Citation `roman_open-source_2018' on page 6 undefined on input l
ine 38.


LaTeX Warning: Citation `vasudevan_programmable_2014' on page 6 undefined on in
put line 39.


LaTeX Warning: Citation `wall_high-speed_2010' on page 6 undefined on input lin
e 40.


LaTeX Warning: Citation `weng_fpga-based_2015' on page 6 undefined on input lin
e 41.


LaTeX Warning: Citation `zhang_high_2019' on page 6 undefined on input line 42.



LaTeX Warning: Citation `zhang_multi-channel_2017' on page 6 undefined on input
 line 43.

)
Underfull \vbox (badness 10000) has occurred while \output is active []

 [6]
(./_pulser.tex
Underfull \hbox (badness 10000) in paragraph at lines 11--12
[]\T1/ptm/m/n/10 MD1213+MD1711,
 []


Underfull \hbox (badness 10000) in paragraph at lines 11--12
\T1/ptm/m/n/10 TC7320+MD1810 ,
 []


LaTeX Warning: Citation `sharma_development_2015' on page 7 undefined on input 
line 12.


LaTeX Warning: Citation `wu_novel_2013' on page 7 undefined on input line 12.


LaTeX Warning: Citation `ching_chu_designing_nodate' on page 7 undefined on inp
ut line 12.


Underfull \hbox (badness 10000) in paragraph at lines 15--16
[]\T1/ptm/m/n/10 HV7361/HV7351, HV748,
 []


LaTeX Warning: Citation `martins_-scan_2017' on page 7 undefined on input line 
16.


LaTeX Warning: Citation `zhang_multi-channel_2017' on page 7 undefined on input
 line 16.


LaTeX Warning: Citation `hewener_highly_2012' on page 7 undefined on input line
 16.


LaTeX Warning: Citation `worthing_using_2016' on page 7 undefined on input line
 16.


LaTeX Warning: Citation `joseph_artsenstouch_2015' on page 7 undefined on input
 line 16.


LaTeX Warning: Citation `rodriguez-olivares_improvement_2018' on page 7 undefin
ed on input line 20.


LaTeX Warning: Citation `lee_new_2014' on page 7 undefined on input line 20.


LaTeX Warning: Citation `garcia_piezoelectric_2014' on page 7 undefined on inpu
t line 20.


LaTeX Warning: Citation `boni_ula-op_2016' on page 7 undefined on input line 20
.


Underfull \hbox (badness 5175) in paragraph at lines 22--23
[]\T1/ptm/m/n/10 Signal gen-er-a-tor and
 []


LaTeX Warning: Citation `matera_smart_2018' on page 7 undefined on input line 2
4.


LaTeX Warning: Citation `choi_versatile_2020' on page 7 undefined on input line
 24.


Overfull \hbox (12.51079pt too wide) in paragraph at lines 7--26
[][]
 []

)

LaTeX Warning: Citation `vasudevan_programmable_2014' on page 7 undefined on in
put line 183.


LaTeX Warning: Citation `li_new_2014' on page 7 undefined on input line 183.


LaTeX Warning: Citation `worthing_using_2016' on page 7 undefined on input line
 183.


LaTeX Warning: Citation `hidayat_determination_2020' on page 7 undefined on inp
ut line 183.


LaTeX Warning: Citation `gwirc_desarrollo_2019' on page 7 undefined on input li
ne 183.


LaTeX Warning: Citation `roman_open-source_2018' on page 7 undefined on input l
ine 183.


LaTeX Warning: Citation `li_new_2014' on page 7 undefined on input line 185.


LaTeX Warning: Citation `sharma_development_2015' on page 7 undefined on input 
line 185.


LaTeX Warning: Citation `ching_chu_designing_nodate' on page 7 undefined on inp
ut line 185.


LaTeX Warning: Citation `grasel_characterization_2017' on page 7 undefined on i
nput line 189.


LaTeX Warning: Citation `lay_progress_2016' on page 7 undefined on input line 1
89.


LaTeX Warning: Citation `brunner_how_2002' on page 7 undefined on input line 18
9.


LaTeX Warning: Citation `sharma_development_2015' on page 7 undefined on input 
line 189.


LaTeX Warning: Citation `levesque_architecture_2011' on page 7 undefined on inp
ut line 189.


LaTeX Warning: Citation `tortoli_ula-op:_2009' on page 7 undefined on input lin
e 189.


LaTeX Warning: Citation `yang_wearable_2019' on page 7 undefined on input line 
189.


LaTeX Warning: Citation `sun_multi-frequency_2018' on page 7 undefined on input
 line 193.


LaTeX Warning: Citation `lukacs_single-element_1998' on page 7 undefined on inp
ut line 193.


LaTeX Warning: Citation `foster_new_2009' on page 7 undefined on input line 193
.


LaTeX Warning: Citation `yang_compressed_2009' on page 7 undefined on input lin
e 193.


LaTeX Warning: Citation `di_ianni_system-level_2016' on page 7 undefined on inp
ut line 200.


LaTeX Warning: Citation `hewener_highly_2012' on page 7 undefined on input line
 200.


LaTeX Warning: Citation `raj_programmable_2018' on page 7 undefined on input li
ne 200.


LaTeX Warning: Citation `cheung_multi-channel_2012' on page 7 undefined on inpu
t line 200.


LaTeX Warning: Citation `alqasemi_fpga-based_2012' on page 7 undefined on input
 line 200.


LaTeX Warning: Citation `batbayar_hardware_2018' on page 7 undefined on input l
ine 200.


LaTeX Warning: Citation `techavipoo_ultrasound_2012' on page 7 undefined on inp
ut line 200.


LaTeX Warning: Citation `assef_flexible_2015' on page 7 undefined on input line
 201.


LaTeX Warning: Citation `assef_design_2012' on page 7 undefined on input line 2
01.


LaTeX Warning: Citation `assef_compact_2014' on page 7 undefined on input line 
201.


LaTeX Warning: Citation `assef_initial_2016' on page 7 undefined on input line 
201.


LaTeX Warning: Citation `bharath_fpga-based_2015' on page 7 undefined on input 
line 201.


LaTeX Warning: Citation `bharath_novel_2016' on page 7 undefined on input line 
201.


LaTeX Warning: Citation `lee_new_2014' on page 7 undefined on input line 201.


LaTeX Warning: Citation `hager_lightprobe:_2017' on page 7 undefined on input l
ine 201.


LaTeX Warning: Citation `bharath_compact_2018' on page 7 undefined on input lin
e 201.


LaTeX Warning: Citation `kidav_architecture_2019' on page 7 undefined on input 
line 201.


LaTeX Warning: Citation `hewener_mobile_2019' on page 7 undefined on input line
 202.


LaTeX Warning: Citation `weng_fpga-based_2015' on page 7 undefined on input lin
e 202.


LaTeX Warning: Citation `seo_non-invasive_2018' on page 7 undefined on input li
ne 202.


LaTeX Warning: Citation `sabbella_dhvani_2021' on page 7 undefined on input lin
e 202.

[7]

LaTeX Warning: Citation `xiao_design_2013' on page 8 undefined on input line 21
0.


LaTeX Warning: Citation `brown_low-cost_2002' on page 8 undefined on input line
 210.


LaTeX Warning: Citation `tang_computerized_2014' on page 8 undefined on input l
ine 210.


LaTeX Warning: Citation `granata_designing_2020' on page 8 undefined on input l
ine 210.


LaTeX Warning: Citation `rathod_review_2019' on page 8 undefined on input line 
212.


LaTeX Warning: Citation `garcia-rodriguez_low_2010' on page 8 undefined on inpu
t line 212.


LaTeX Warning: Citation `wei_design_2020' on page 8 undefined on input line 212
.


LaTeX Warning: Citation `shaw_mechanical_1977' on page 8 undefined on input lin
e 217.


LaTeX Warning: Citation `matzuk_novel_1978' on page 8 undefined on input line 2
17.


LaTeX Warning: Citation `wilkinson_principles_1981' on page 8 undefined on inpu
t line 217.


LaTeX Warning: Citation `saijo_development_nodate' on page 8 undefined on input
 line 217.


LaTeX Warning: Citation `chang_low-cost_2009' on page 8 undefined on input line
 217.


LaTeX Warning: Citation `holm_new_1975' on page 8 undefined on input line 217.


LaTeX Warning: Citation `jonveaux_review_2019' on page 8 undefined on input lin
e 217.


LaTeX Warning: Citation `hisanaga_high_1980' on page 8 undefined on input line 
217.


LaTeX Warning: Citation `lei_high-frame_nodate' on page 8 undefined on input li
ne 219.


LaTeX Warning: Citation `carotenuto_very_2004' on page 8 undefined on input lin
e 219.


LaTeX Warning: Citation `bezanson_low-cost_2011' on page 8 undefined on input l
ine 219.


LaTeX Warning: Citation `brown_low_2013' on page 8 undefined on input line 219.



LaTeX Warning: Citation `huang_novel_2015' on page 8 undefined on input line 21
9.


LaTeX Warning: Citation `choi_versatile_2020' on page 8 undefined on input line
 219.


LaTeX Warning: Citation `havlice_medical_1979' on page 8 undefined on input lin
e 219.


LaTeX Warning: Citation `svilainis_electronics_2014' on page 8 undefined on inp
ut line 221.


LaTeX Warning: Citation `wang_high_2019' on page 8 undefined on input line 221.



LaTeX Warning: Citation `xu_enabling_2019' on page 8 undefined on input line 22
1.


LaTeX Warning: Citation `bottenus_feasibility_2016' on page 8 undefined on inpu
t line 221.


LaTeX Warning: Citation `qiu_programmable_2011' on page 8 undefined on input li
ne 221.


LaTeX Warning: Citation `govindan_reconfigurable_2015' on page 8 undefined on i
nput line 221.


LaTeX Warning: Citation `soto-cajiga_fpga-based_2012' on page 8 undefined on in
put line 221.


LaTeX Warning: Citation `govindan_performance_2013' on page 8 undefined on inpu
t line 221.


LaTeX Warning: Citation `smith_design_2015' on page 8 undefined on input line 2
21.


LaTeX Warning: Citation `sobhani_portable_2016' on page 8 undefined on input li
ne 223.


LaTeX Warning: Citation `herickhoff_low-cost_2019' on page 8 undefined on input
 line 223.


LaTeX Warning: Citation `farsoni_low-cost_2017' on page 8 undefined on input li
ne 223.


LaTeX Warning: Citation `zhang_free-hand_2019' on page 8 undefined on input lin
e 223.


LaTeX Warning: Citation `poulsen_optical_2005' on page 8 undefined on input lin
e 223.


LaTeX Warning: Citation `herickhoff_low-cost_2018' on page 8 undefined on input
 line 223.


LaTeX Warning: Citation `schueler_fundamentals_1984' on page 8 undefined on inp
ut line 228.


LaTeX Warning: Citation `erickson_hand-held_2001' on page 8 undefined on input 
line 228.


LaTeX Warning: Citation `brown_low_2013' on page 8 undefined on input line 228.



LaTeX Warning: Citation `bow_rotating_1979' on page 8 undefined on input line 2
28.


LaTeX Warning: Citation `qiu_ultrasound_2020' on page 8 undefined on input line
 228.


LaTeX Warning: Citation `lorenzo_experimental_2009' on page 8 undefined on inpu
t line 229.


LaTeX Warning: Citation `melde_holograms_2016' on page 8 undefined on input lin
e 229.

[8]

LaTeX Warning: Citation `xu_high-frequency_2008' on page 9 undefined on input l
ine 231.


LaTeX Warning: Citation `lei_sun_high-frame_2008' on page 9 undefined on input 
line 231.


LaTeX Warning: Citation `lorenzo_experimental_2009' on page 9 undefined on inpu
t line 231.


LaTeX Warning: Citation `sikdar_novel_2014' on page 9 undefined on input line 2
31.


LaTeX Warning: Citation `vogt_development_2005' on page 9 undefined on input li
ne 231.


LaTeX Warning: Citation `chun_ultrasound_2015' on page 9 undefined on input lin
e 231.


LaTeX Warning: Citation `kidav_architecture_2019' on page 9 undefined on input 
line 235.


LaTeX Warning: Citation `roman_open-source_2018' on page 9 undefined on input l
ine 235.


LaTeX Warning: Citation `pashaei_live_2018' on page 9 undefined on input line 2
35.


LaTeX Warning: Citation `schneider_fully_2010' on page 9 undefined on input lin
e 235.


LaTeX Warning: Citation `raj_microcontroller_2017' on page 9 undefined on input
 line 235.


LaTeX Warning: Citation `raj_8051_2016' on page 9 undefined on input line 235.


LaTeX Warning: Citation `hu_design_2011' on page 9 undefined on input line 235.



LaTeX Warning: Citation `richard_low-cost_2008' on page 9 undefined on input li
ne 235.


LaTeX Warning: Citation `lewandowski_low-cost_2012' on page 9 undefined on inpu
t line 235.


LaTeX Warning: Citation `qiu_delayed-excitation_2018' on page 9 undefined on in
put line 235.


LaTeX Warning: Citation `qiu_ultrasound_2020' on page 9 undefined on input line
 235.


LaTeX Warning: Citation `ahn_smartphone-based_2015' on page 9 undefined on inpu
t line 235.


LaTeX Warning: Citation `dusa_low_2014' on page 9 undefined on input line 237.


LaTeX Warning: Citation `zhang_fpga_2012' on page 9 undefined on input line 237
.


LaTeX Warning: Citation `qiu_programmable_2010' on page 9 undefined on input li
ne 237.


LaTeX Warning: Citation `ibrahim_single-fpga_2017' on page 9 undefined on input
 line 237.


LaTeX Warning: Citation `shah_yosys+nextpnr:_2019' on page 9 undefined on input
 line 237.


LaTeX Warning: Citation `saiz-vela_low-cost_2020' on page 9 undefined on input 
line 237.


LaTeX Warning: Citation `gilliland_architecture_2016' on page 9 undefined on in
put line 239.


LaTeX Warning: Citation `govindan_hwsw_2013' on page 9 undefined on input line 
239.


LaTeX Warning: Citation `zimmermann_high_2018' on page 9 undefined on input lin
e 239.


LaTeX Warning: Citation `lewandowski_low-cost_2012' on page 9 undefined on inpu
t line 239.


LaTeX Warning: Citation `kidav_architecture_2019' on page 9 undefined on input 
line 239.


LaTeX Warning: Citation `luc_jonveaux_un0rick_2019' on page 9 undefined on inpu
t line 239.


LaTeX Warning: Citation `peyton_comparison_2018' on page 9 undefined on input l
ine 245.


LaTeX Warning: Citation `hager_design_2019' on page 9 undefined on input line 2
45.


LaTeX Warning: Citation `hager_lightprobe:_2019' on page 9 undefined on input l
ine 245.


LaTeX Warning: Citation `meng_rtl-ultrasound_2019' on page 9 undefined on input
 line 245.

[9]

LaTeX Warning: Citation `basoglu_computing_1998' on page 10 undefined on input 
line 256.


! LaTeX Error: Cannot determine size of graphic in Fig2.png (no BoundingBox).

See the LaTeX manual or LaTeX Companion for explanation.
Type  H <return>  for immediate help.
 ...                                              
                                                  
l.259 ...cludegraphics[width=\linewidth]{Fig2.png}
                                                  
? 
File: Fig2.png Graphic file (type eps)
<Fig2.png>

LaTeX Warning: Citation `assef_modeling_2019' on page 10 undefined on input lin
e 266.


LaTeX Warning: Citation `levesque_real-time_2009' on page 10 undefined on input
 line 266.

[10]

LaTeX Warning: Citation `chang_novel_2007' on page 11 undefined on input line 2
68.


LaTeX Warning: Citation `assef_fpga_2019' on page 11 undefined on input line 26
8.


LaTeX Warning: Citation `assef_modeling_2018' on page 11 undefined on input lin
e 268.


LaTeX Warning: Citation `jensen_deconvolution_1993' on page 11 undefined on inp
ut line 270.


LaTeX Warning: Citation `dalitz_point_2015' on page 11 undefined on input line 
270.


LaTeX Warning: Citation `dalitz_point_2015' on page 11 undefined on input line 
270.


LaTeX Warning: Citation `soto-cajiga_fpga-based_2012' on page 11 undefined on i
nput line 272.


LaTeX Warning: Citation `akkala_fpga_2014' on page 11 undefined on input line 2
72.


LaTeX Warning: Citation `akkala_compression_2014' on page 11 undefined on input
 line 272.


LaTeX Warning: Citation `boonleelakul_compression_2013' on page 11 undefined on
 input line 272.


LaTeX Warning: Citation `ophir_digital_1979' on page 11 undefined on input line
 275.


LaTeX Warning: Citation `csany_real-time_2019' on page 11 undefined on input li
ne 275.


LaTeX Warning: Citation `andresen_synthetic_2011' on page 11 undefined on input
 line 281.


LaTeX Warning: Citation `assef_flexible_2015' on page 11 undefined on input lin
e 281.


LaTeX Warning: Citation `li_initial_2018' on page 11 undefined on input line 28
1.


LaTeX Warning: Citation `lewandowski_low-cost_2012' on page 11 undefined on inp
ut line 281.


LaTeX Warning: Citation `zhang_synthetic_2016' on page 11 undefined on input li
ne 281.


LaTeX Warning: Citation `gunarathne_strategies_2013' on page 11 undefined on in
put line 281.


LaTeX Warning: Citation `jeon_novel_2019' on page 11 undefined on input line 28
1.


LaTeX Warning: Citation `burckhardt_experimental_1974' on page 11 undefined on 
input line 281.


LaTeX Warning: Citation `bottenus_implementation_2015' on page 11 undefined on 
input line 281.


LaTeX Warning: Citation `ylitalo_ultrasound_1994' on page 11 undefined on input
 line 281.


LaTeX Warning: Citation `heuvel_development_2017' on page 11 undefined on input
 line 281.


LaTeX Warning: Citation `nikolov_fast_2008' on page 11 undefined on input line 
281.


LaTeX Warning: Citation `zhang_evaluation_2019' on page 11 undefined on input l
ine 283.


LaTeX Warning: Citation `wang_research_2021' on page 11 undefined on input line
 283.


LaTeX Warning: Citation `isla_coded_2017' on page 11 undefined on input line 28
3.


LaTeX Warning: Citation `fujita_effect_2017' on page 11 undefined on input line
 283.


LaTeX Warning: Citation `chun_ultrasound_2015' on page 11 undefined on input li
ne 283.


LaTeX Warning: Citation `kim_real-time_2018' on page 11 undefined on input line
 283.


LaTeX Warning: Citation `liutkus_imaging_2014' on page 11 undefined on input li
ne 286.


LaTeX Warning: Citation `hua_compressed_2011' on page 11 undefined on input lin
e 286.


LaTeX Warning: Citation `montaldo_time_2004' on page 11 undefined on input line
 286.


LaTeX Warning: Citation `montaldo_building_2005' on page 11 undefined on input 
line 286.


LaTeX Warning: Citation `sarvazyan_comparative_2009' on page 11 undefined on in
put line 286.


LaTeX Warning: Citation `fedjajevs_ultrasound_2016' on page 11 undefined on inp
ut line 286.


LaTeX Warning: Citation `kim_signal-processing_2020' on page 11 undefined on in
put line 286.


LaTeX Warning: Citation `luong_compact_2016' on page 11 undefined on input line
 286.


LaTeX Warning: Citation `kruizinga_compressive_2017' on page 11 undefined on in
put line 286.


LaTeX Warning: Citation `van_der_meulen_spatial_2017' on page 11 undefined on i
nput line 286.


LaTeX Warning: Citation `ni_high-resolution_2020' on page 11 undefined on input
 line 286.


LaTeX Warning: Citation `wang_high-resolution_2019' on page 11 undefined on inp
ut line 289.


LaTeX Warning: Citation `hewener_mobile_2019' on page 11 undefined on input lin
e 289.


LaTeX Warning: Citation `divya_krishna_computer_2016' on page 11 undefined on i
nput line 289.


LaTeX Warning: Citation `brausch_classifying_2019' on page 11 undefined on inpu
t line 289.


LaTeX Warning: Citation `dhutia_open-source_2017' on page 11 undefined on input
 line 289.


LaTeX Warning: Citation `moradi_detection_2006' on page 11 undefined on input l
ine 289.


LaTeX Warning: Citation `bowler_monitoring_2020' on page 11 undefined on input 
line 289.

[11]

LaTeX Warning: Citation `roman_open-source_2019' on page 12 undefined on input 
line 308.


LaTeX Warning: Citation `yu_direct_2020' on page 12 undefined on input line 308
.

[12] (./si.tex

LaTeX Warning: Citation `qiu_high-resolution_2020' on page 13 undefined on inpu
t line 6.


LaTeX Warning: Citation `lei_high-frame_nodate' on page 13 undefined on input l
ine 6.


LaTeX Warning: Citation `biosono_sonolab_nodate' on page 13 undefined on input 
line 7.


LaTeX Warning: Citation `bharath_fpga-based_2015' on page 13 undefined on input
 line 7.


LaTeX Warning: Citation `jin_optimization_2017' on page 13 undefined on input l
ine 8.


LaTeX Warning: Citation `mostavi_application_2017' on page 13 undefined on inpu
t line 8.


LaTeX Warning: Citation `ranachowski_mechanical_2020' on page 13 undefined on i
nput line 8.


LaTeX Warning: Citation `vadalma_smartphone_2020' on page 13 undefined on input
 line 8.


LaTeX Warning: Citation `lecoeur_bluetooth_nodate' on page 13 undefined on inpu
t line 9.


LaTeX Warning: Citation `tortoli_ula-op:_2009' on page 13 undefined on input li
ne 9.


LaTeX Warning: Citation `zhang_toward_2018' on page 13 undefined on input line 
9.


LaTeX Warning: Citation `al-aufi_thin_2019' on page 13 undefined on input line 
9.


LaTeX Warning: Citation `park_ultrasound_2019' on page 13 undefined on input li
ne 10.


LaTeX Warning: Citation `veenstra_generating_nodate' on page 13 undefined on in
put line 11.


LaTeX Warning: Citation `choi_versatile_2020' on page 13 undefined on input lin
e 11.


LaTeX Warning: Citation `chun_ultrasound_2015' on page 13 undefined on input li
ne 11.


LaTeX Warning: Citation `xu_low-cost_2007' on page 13 undefined on input line 1
1.


LaTeX Warning: Citation `scholle_pulse_2018' on page 13 undefined on input line
 12.


LaTeX Warning: Citation `ratajski_application_2017' on page 13 undefined on inp
ut line 12.


LaTeX Warning: Citation `nowak_evaluation_2020' on page 13 undefined on input l
ine 12.


LaTeX Warning: Citation `karjalainen_multi-site_2012' on page 13 undefined on i
nput line 12.


LaTeX Warning: Citation `vadalma_smartphone_2020' on page 13 undefined on input
 line 13.


LaTeX Warning: Citation `bharath_fpga-based_2015' on page 13 undefined on input
 line 13.


LaTeX Warning: Citation `veenstra_generating_nodate' on page 13 undefined on in
put line 14.


LaTeX Warning: Citation `perez-sanchez_numerical_2020' on page 13 undefined on 
input line 14.


LaTeX Warning: Citation `chen_ultrasound_2016' on page 13 undefined on input li
ne 14.


LaTeX Warning: Citation `wang_preliminary_2019' on page 13 undefined on input l
ine 14.


LaTeX Warning: Citation `peyton_front-end_2017' on page 13 undefined on input l
ine 16.


LaTeX Warning: Citation `george_portable_2018' on page 13 undefined on input li
ne 16.


LaTeX Warning: Citation `kang_new_2017' on page 13 undefined on input line 16.


LaTeX Warning: Citation `hager_ultralight:_2017' on page 13 undefined on input 
line 16.


LaTeX Warning: Citation `zimmermann_highly_2019' on page 13 undefined on input 
line 17.


LaTeX Warning: Citation `zimmermann_miniaturized_2018' on page 13 undefined on 
input line 17.


LaTeX Warning: Citation `zimmermann_high_2018' on page 13 undefined on input li
ne 17.


LaTeX Warning: Citation `ozdemir_remote_2018' on page 13 undefined on input lin
e 20.


LaTeX Warning: Citation `gil-alba_morphological_2019' on page 13 undefined on i
nput line 20.


LaTeX Warning: Citation `kielczynski_thermophysical_2017' on page 13 undefined 
on input line 20.


LaTeX Warning: Citation `cramer_ultrasonic_2015' on page 13 undefined on input 
line 20.


LaTeX Warning: Citation `hillger_high_2016' on page 13 undefined on input line 
20.

) [13

] (./SSUS-metaReview.bbl

! Package inputenc Error: Unicode char  (U+C81C)
(inputenc)                not set up for use with LaTeX.

See the inputenc package documentation for explanation.
Type  H <return>  for immediate help.
 ...                                              
                                                  
l.140 \newblock {\em 
                          ...

? 

! Package inputenc Error: Unicode char  (U+C5B4)
(inputenc)                not set up for use with LaTeX.

See the inputenc package documentation for explanation.
Type  H <return>  for immediate help.
 ...                                              
                                                  
l.140 \newblock {\em 
                             ...

? 

! Package inputenc Error: Unicode char  (U+B85C)
(inputenc)                not set up for use with LaTeX.

See the inputenc package documentation for explanation.
Type  H <return>  for immediate help.
 ...                                              
                                                  
l.140 \newblock {\em 
                                ...

? 

! Package inputenc Error: Unicode char  (U+BD07)
(inputenc)                not set up for use with LaTeX.

See the inputenc package documentation for explanation.
Type  H <return>  for immediate help.
 ...                                              
                                                  
l.140 \newblock {\em 
                                   ...

? 

! Package inputenc Error: Unicode char  (U+C2DC)
(inputenc)                not set up for use with LaTeX.

See the inputenc package documentation for explanation.
Type  H <return>  for immediate help.
 ...                                              
                                                  
l.140 \newblock {\em 
                                      ...

? 

! Package inputenc Error: Unicode char  (U+C2A4)
(inputenc)                not set up for use with LaTeX.

See the inputenc package documentation for explanation.
Type  H <return>  for immediate help.
 ...                                              
                                                  
l.140 \newblock {\em 
                                         ...

? 

! Package inputenc Error: Unicode char  (U+D15C)
(inputenc)                not set up for use with LaTeX.

See the inputenc package documentation for explanation.
Type  H <return>  for immediate help.
 ...                                              
                                                  
l.140 \newblock {\em 
                                            ...

? 

! Package inputenc Error: Unicode char  (U+D559)
(inputenc)                not set up for use with LaTeX.

See the inputenc package documentation for explanation.
Type  H <return>  for immediate help.
 ...                                              
                                                  
l.140 \newblock {\em 
                                               ...

? 

! Package inputenc Error: Unicode char  (U+D68C)
(inputenc)                not set up for use with LaTeX.

See the inputenc package documentation for explanation.
Type  H <return>  for immediate help.
 ...                                              
                                                  
l.140 \newblock {\em 
                                                  ...

? 

! Package inputenc Error: Unicode char  (U+AD6D)
(inputenc)                not set up for use with LaTeX.

See the inputenc package documentation for explanation.
Type  H <return>  for immediate help.
 ...                                              
                                                  
l.140 ...lock {\em  
                                                   }...

? 

! Package inputenc Error: Unicode char  (U+B0B4)
(inputenc)                not set up for use with LaTeX.

See the inputenc package documentation for explanation.
Type  H <return>  for immediate help.
 ...                                              
                                                  
l.140 ...k {\em  
                                                   }, p...

? 

! Package inputenc Error: Unicode char  (U+D559)
(inputenc)                not set up for use with LaTeX.

See the inputenc package documentation for explanation.
Type  H <return>  for immediate help.
 ...                                              
                                                  
l.140 ...\em  
                                                   }, pages
? 

! Package inputenc Error: Unicode char  (U+C220)
(inputenc)                not set up for use with LaTeX.

See the inputenc package documentation for explanation.
Type  H <return>  for immediate help.
 ...                                              
                                                  
l.140 ...  
                                                   }, pages
? 

! Package inputenc Error: Unicode char  (U+B300)
(inputenc)                not set up for use with LaTeX.

See the inputenc package documentation for explanation.
Type  H <return>  for immediate help.
 ...                                              
                                                  
l.140 ... 
                                                   }, pages
? 

! Package inputenc Error: Unicode char  (U+D68C)
(inputenc)                not set up for use with LaTeX.

See the inputenc package documentation for explanation.
Type  H <return>  for immediate help.
 ...                                              
                                                  
l.140 ... 
                                                   }, pages
? 

! Package inputenc Error: Unicode char  (U+B17C)
(inputenc)                not set up for use with LaTeX.

See the inputenc package documentation for explanation.
Type  H <return>  for immediate help.
 ...                                              
                                                  
l.140 ...  
                                                  }, pages
? 

! Package inputenc Error: Unicode char  (U+BB38)
(inputenc)                not set up for use with LaTeX.

See the inputenc package documentation for explanation.
Type  H <return>  for immediate help.
 ...                                              
                                                  
l.140 ...  
                                                  }, pages
? 

! Package inputenc Error: Unicode char  (U+C9D1)
(inputenc)                not set up for use with LaTeX.

See the inputenc package documentation for explanation.
Type  H <return>  for immediate help.
 ...                                              
                                                  
l.140 ...  
                                                  }, pages
? 
[14

] [15] [16] [17] [18] [19] [20] [21] [22]
Underfull \hbox (badness 3240) in paragraph at lines 1303--1309
[]\T1/ptm/m/n/10 Rodrguez-Olivares, N., Cruz-Cruz, J., Gmez-Hernndez, A., He
rnndez-
 []

[23] [24] [25] [26])
Package atveryend Info: Empty hook `BeforeClearDocument' on input line 324.
 [27]
Package atveryend Info: Empty hook `AfterLastShipout' on input line 324.
 (./SSUS-metaReview.aux)
Package atveryend Info: Empty hook `AtVeryEndDocument' on input line 324.
Package atveryend Info: Executing hook `AtEndAfterFileList' on input line 324.
Package rerunfilecheck Info: File `SSUS-metaReview.out' has not changed.
(rerunfilecheck)             Checksum: 2FB26C5D28B28B9D0AA7144F46B06D07;1914.


LaTeX Warning: There were undefined references.


LaTeX Warning: Label(s) may have changed. Rerun to get cross-references right.

Package atveryend Info: Empty hook `AtVeryVeryEnd' on input line 324.
 ) 
Here is how much of TeX's memory you used:
 8415 strings out of 492983
 129049 string characters out of 6134922
 359548 words of memory out of 5000000
 11846 multiletter control sequences out of 15000+600000
 38706 words of font info for 49 fonts, out of 8000000 for 9000
 1141 hyphenation exceptions out of 8191
 31i,10n,45p,2726b,431s stack positions out of 5000i,500n,10000p,200000b,80000s

Output written on SSUS-metaReview.dvi (27 pages, 218768 bytes).
